<?xml version="1.0" encoding="UTF-8"?>
<!-- Generated by org.testng.reporters.JUnitReportReporter -->
<testsuite hostname="LAPTOP-JLN76A68" name="pom.atcost.testcases.LoginPageTest" tests="2" failures="0" timestamp="6 Nov 2019 12:21:38 GMT" time="48.271" errors="0">
  <testcase name="loginPageTitleTest" time="14.149" classname="pom.atcost.testcases.LoginPageTest"/>
  <testcase name="loginTest" time="34.122" classname="pom.atcost.testcases.LoginPageTest"/>
</testsuite> <!-- pom.atcost.testcases.LoginPageTest -->
